<?xml version="1.0" encoding="UTF-8"?>
<testsuite xmlns:xsi="http://www.w3.org/2001/XMLSchema-instance" xsi:noNamespaceSchemaLocation="https://maven.apache.org/surefire/maven-surefire-plugin/xsd/surefire-test-report.xsd" version="3.0.2" name="pods.project.marketplaceservice.MarketplaceServiceApplicationTests" time="3.925" tests="1" errors="0" skipped="0" failures="0">
  <properties>
[...]
</properties>
  <testcase name="contextLoads" classname="pods.project.marketplaceservice.MarketplaceServiceApplicationTests" time="0.358">
    <system-out><![CDATA[04:16:06.354 [main] INFO org.springframework.test.context.support.AnnotationConfigContextLoaderUtils -- Could not detect default configuration classes for test class [pods.project.marketplaceservice.MarketplaceServiceApplicationTests]: MarketplaceServiceApplicationTests does not declare any static, non-private, non-final, nested classes annotated with @Configuration.
04:16:06.428 [main] INFO org.springframework.boot.test.context.SpringBootTestContextBootstrapper -- Found @SpringBootConfiguration pods.project.marketplaceservice.MarketplaceServiceApplication for test class pods.project.marketplaceservice.MarketplaceServiceApplicationTests
04:16:06.526 [main] INFO org.springframework.boot.devtools.restart.RestartApplicationListener -- Restart disabled due to context in which it is running

  .   ____          _            __ _ _
 /\\ / ___'_ __ _ _(_)_ __  __ _ \ \ \ \
( ( )\___ | '_ | '_| | '_ \/ _` | \ \ \ \
 \\/  ___)| |_)| | | | | || (_| |  ) ) ) )
  '  |____| .__|_| |_|_| |_\__, | / / / /
 =========|_|==============|___/=/_/_/_/

 :: Spring Boot ::                (v3.4.2)

2025-02-14T04:16:06.725+05:30  WARN 102914 --- [marketplace-service] [           main] ory$DuplicateJsonObjectContextCustomizer : 

Found multiple occurrences of org.json.JSONObject on the class path:

	jar:file:/home/akash/.m2/repository/com/vaadin/external/google/android-json/0.0.20131108.vaadin1/android-json-0.0.20131108.vaadin1.jar!/org/json/JSONObject.class
	jar:file:/home/akash/.m2/repository/org/json/json/20231013/json-20231013.jar!/org/json/JSONObject.class

You may wish to exclude one of them to ensure predictable runtime behavior

2025-02-14T04:16:06.739+05:30  INFO 102914 --- [marketplace-service] [           main] p.p.m.MarketplaceServiceApplicationTests : Starting MarketplaceServiceApplicationTests using Java 21.0.6 with PID 102914 (started by akash in /home/akash/Documents/PODS/marketplace-service)
2025-02-14T04:16:06.740+05:30  INFO 102914 --- [marketplace-service] [           main] p.p.m.MarketplaceServiceApplicationTests : No active profile set, falling back to 1 default profile: "default"
2025-02-14T04:16:07.136+05:30  INFO 102914 --- [marketplace-service] [           main] .s.d.r.c.RepositoryConfigurationDelegate : Bootstrapping Spring Data JPA repositories in DEFAULT mode.
2025-02-14T04:16:07.180+05:30  INFO 102914 --- [marketplace-service] [           main] .s.d.r.c.RepositoryConfigurationDelegate : Finished Spring Data repository scanning in 38 ms. Found 2 JPA repository interfaces.
2025-02-14T04:16:07.681+05:30  INFO 102914 --- [marketplace-service] [           main] o.s.o.j.p.SpringPersistenceUnitInfo      : No LoadTimeWeaver setup: ignoring JPA class transformer
2025-02-14T04:16:07.705+05:30  INFO 102914 --- [marketplace-service] [           main] com.zaxxer.hikari.HikariDataSource       : HikariPool-1 - Starting...
2025-02-14T04:16:07.844+05:30  INFO 102914 --- [marketplace-service] [           main] com.zaxxer.hikari.pool.HikariPool        : HikariPool-1 - Added connection conn0: url=jdbc:h2:file:./data/mydb user=SA
2025-02-14T04:16:07.845+05:30  INFO 102914 --- [marketplace-service] [           main] com.zaxxer.hikari.HikariDataSource       : HikariPool-1 - Start completed.
Hibernate: drop table if exists order_items cascade 
Hibernate: drop table if exists orders cascade 
Hibernate: drop table if exists products cascade 
Hibernate: create table order_items (id integer generated by default as identity, order_id integer not null, product_id integer, quantity integer, primary key (id))
Hibernate: create table orders (id integer generated by default as identity, total_price integer, user_id integer, status varchar(255), primary key (id))
Hibernate: create table products (id integer not null, price integer, stock_quantity integer, description varchar(255), name varchar(255), primary key (id))
Hibernate: alter table if exists order_items add constraint FKbioxgbv59vetrxe0ejfubep1w foreign key (order_id) references orders
2025-02-14T04:16:08.423+05:30  INFO 102914 --- [marketplace-service] [           main] j.LocalContainerEntityManagerFactoryBean : Initialized JPA EntityManagerFactory for persistence unit 'default'
2025-02-14T04:16:08.604+05:30  INFO 102914 --- [marketplace-service] [           main] o.s.d.j.r.query.QueryEnhancerFactory     : Hibernate is in classpath; If applicable, HQL parser will be used.
Hibernate: select p1_0.id,p1_0.description,p1_0.name,p1_0.price,p1_0.stock_quantity from products p1_0 where p1_0.id=?
Hibernate: insert into products (description,name,price,stock_quantity,id) values (?,?,?,?,?)
Hibernate: select p1_0.id,p1_0.description,p1_0.name,p1_0.price,p1_0.stock_quantity from products p1_0 where p1_0.id=?
Hibernate: insert into products (description,name,price,stock_quantity,id) values (?,?,?,?,?)
Hibernate: select p1_0.id,p1_0.description,p1_0.name,p1_0.price,p1_0.stock_quantity from products p1_0 where p1_0.id=?
Hibernate: insert into products (description,name,price,stock_quantity,id) values (?,?,?,?,?)
Hibernate: select p1_0.id,p1_0.description,p1_0.name,p1_0.price,p1_0.stock_quantity from products p1_0 where p1_0.id=?
Hibernate: insert into products (description,name,price,stock_quantity,id) values (?,?,?,?,?)
Hibernate: select p1_0.id,p1_0.description,p1_0.name,p1_0.price,p1_0.stock_quantity from products p1_0 where p1_0.id=?
Hibernate: insert into products (description,name,price,stock_quantity,id) values (?,?,?,?,?)
Hibernate: select p1_0.id,p1_0.description,p1_0.name,p1_0.price,p1_0.stock_quantity from products p1_0 where p1_0.id=?
Hibernate: insert into products (description,name,price,stock_quantity,id) values (?,?,?,?,?)
Hibernate: select p1_0.id,p1_0.description,p1_0.name,p1_0.price,p1_0.stock_quantity from products p1_0 where p1_0.id=?
Hibernate: insert into products (description,name,price,stock_quantity,id) values (?,?,?,?,?)
Hibernate: select p1_0.id,p1_0.description,p1_0.name,p1_0.price,p1_0.stock_quantity from products p1_0 where p1_0.id=?
Hibernate: insert into products (description,name,price,stock_quantity,id) values (?,?,?,?,?)
Hibernate: select p1_0.id,p1_0.description,p1_0.name,p1_0.price,p1_0.stock_quantity from products p1_0 where p1_0.id=?
Hibernate: insert into products (description,name,price,stock_quantity,id) values (?,?,?,?,?)
Hibernate: select p1_0.id,p1_0.description,p1_0.name,p1_0.price,p1_0.stock_quantity from products p1_0 where p1_0.id=?
Hibernate: insert into products (description,name,price,stock_quantity,id) values (?,?,?,?,?)
Hibernate: select p1_0.id,p1_0.description,p1_0.name,p1_0.price,p1_0.stock_quantity from products p1_0 where p1_0.id=?
Hibernate: insert into products (description,name,price,stock_quantity,id) values (?,?,?,?,?)
Hibernate: select p1_0.id,p1_0.description,p1_0.name,p1_0.price,p1_0.stock_quantity from products p1_0 where p1_0.id=?
Hibernate: insert into products (description,name,price,stock_quantity,id) values (?,?,?,?,?)
Hibernate: select p1_0.id,p1_0.description,p1_0.name,p1_0.price,p1_0.stock_quantity from products p1_0 where p1_0.id=?
Hibernate: insert into products (description,name,price,stock_quantity,id) values (?,?,?,?,?)
Hibernate: select p1_0.id,p1_0.description,p1_0.name,p1_0.price,p1_0.stock_quantity from products p1_0 where p1_0.id=?
Hibernate: insert into products (description,name,price,stock_quantity,id) values (?,?,?,?,?)
Hibernate: select p1_0.id,p1_0.description,p1_0.name,p1_0.price,p1_0.stock_quantity from products p1_0 where p1_0.id=?
Hibernate: insert into products (description,name,price,stock_quantity,id) values (?,?,?,?,?)
Hibernate: select p1_0.id,p1_0.description,p1_0.name,p1_0.price,p1_0.stock_quantity from products p1_0 where p1_0.id=?
Hibernate: insert into products (description,name,price,stock_quantity,id) values (?,?,?,?,?)
Hibernate: select p1_0.id,p1_0.description,p1_0.name,p1_0.price,p1_0.stock_quantity from products p1_0 where p1_0.id=?
Hibernate: insert into products (description,name,price,stock_quantity,id) values (?,?,?,?,?)
Hibernate: select p1_0.id,p1_0.description,p1_0.name,p1_0.price,p1_0.stock_quantity from products p1_0 where p1_0.id=?
Hibernate: insert into products (description,name,price,stock_quantity,id) values (?,?,?,?,?)
Hibernate: select p1_0.id,p1_0.description,p1_0.name,p1_0.price,p1_0.stock_quantity from products p1_0 where p1_0.id=?
Hibernate: insert into products (description,name,price,stock_quantity,id) values (?,?,?,?,?)
Hibernate: select p1_0.id,p1_0.description,p1_0.name,p1_0.price,p1_0.stock_quantity from products p1_0 where p1_0.id=?
Hibernate: insert into products (description,name,price,stock_quantity,id) values (?,?,?,?,?)
2025-02-14T04:16:09.558+05:30  WARN 102914 --- [marketplace-service] [           main] JpaBaseConfiguration$JpaWebConfiguration : spring.jpa.open-in-view is enabled by default. Therefore, database queries may be performed during view rendering. Explicitly configure spring.jpa.open-in-view to disable this warning
2025-02-14T04:16:09.759+05:30  INFO 102914 --- [marketplace-service] [           main] o.s.b.a.h2.H2ConsoleAutoConfiguration    : H2 console available at '/h2-console'. Database available at 'jdbc:h2:file:./data/mydb'
2025-02-14T04:16:09.801+05:30  INFO 102914 --- [marketplace-service] [           main] p.p.m.MarketplaceServiceApplicationTests : Started MarketplaceServiceApplicationTests in 3.283 seconds (process running for 3.899)
]]></system-out>
    <system-err><![CDATA[Mockito is currently self-attaching to enable the inline-mock-maker. This will no longer work in future releases of the JDK. Please add Mockito as an agent to your build what is described in Mockito's documentation: https://javadoc.io/doc/org.mockito/mockito-core/latest/org/mockito/Mockito.html#0.3
WARNING: A Java agent has been loaded dynamically (/home/akash/.m2/repository/net/bytebuddy/byte-buddy-agent/1.15.11/byte-buddy-agent-1.15.11.jar)
WARNING: If a serviceability tool is in use, please run with -XX:+EnableDynamicAgentLoading to hide this warning
WARNING: If a serviceability tool is not in use, please run with -Djdk.instrument.traceUsage for more information
WARNING: Dynamic loading of agents will be disallowed by default in a future release
]]></system-err>
  </testcase>
</testsuite>